C:\WORK\PROJECTS\OPENJPEG-2.0.0\BIN\DEBUG\T1_GENERATE_LUTS.EXE
C:\WORK\PROJECTS\OPENJPEG-2.0.0\BIN\DEBUG\T1_GENERATE_LUTS.ILK
C:\WORK\PROJECTS\OPENJPEG-2.0.0\BIN\DEBUG\T1_GENERATE_LUTS.PDB
C:\WORK\PROJECTS\OPENJPEG-2.0.0\SRC\LIB\OPENJP2\CMAKEFILES\GENERATE.STAMP
C:\Work\Projects\openjpeg-2.0.0\src\lib\openjp2\t1_generate_luts.dir\Debug\cl.command.1.tlog
C:\Work\Projects\openjpeg-2.0.0\src\lib\openjp2\t1_generate_luts.dir\Debug\CL.read.1.tlog
C:\Work\Projects\openjpeg-2.0.0\src\lib\openjp2\t1_generate_luts.dir\Debug\CL.write.1.tlog
C:\Work\Projects\openjpeg-2.0.0\src\lib\openjp2\t1_generate_luts.dir\Debug\custombuild.command.1.tlog
C:\Work\Projects\openjpeg-2.0.0\src\lib\openjp2\t1_generate_luts.dir\Debug\custombuild.read.1.tlog
C:\Work\Projects\openjpeg-2.0.0\src\lib\openjp2\t1_generate_luts.dir\Debug\custombuild.write.1.tlog
C:\Work\Projects\openjpeg-2.0.0\src\lib\openjp2\t1_generate_luts.dir\Debug\link.6620.read.1.tlog
C:\Work\Projects\openjpeg-2.0.0\src\lib\openjp2\t1_generate_luts.dir\Debug\link.6620.write.1.tlog
C:\Work\Projects\openjpeg-2.0.0\src\lib\openjp2\t1_generate_luts.dir\Debug\link.6620-cvtres.read.1.tlog
C:\Work\Projects\openjpeg-2.0.0\src\lib\openjp2\t1_generate_luts.dir\Debug\link.6620-cvtres.write.1.tlog
C:\Work\Projects\openjpeg-2.0.0\src\lib\openjp2\t1_generate_luts.dir\Debug\link.command.1.tlog
C:\Work\Projects\openjpeg-2.0.0\src\lib\openjp2\t1_generate_luts.dir\Debug\link.read.1.tlog
C:\Work\Projects\openjpeg-2.0.0\src\lib\openjp2\t1_generate_luts.dir\Debug\link.write.1.tlog
C:\Work\Projects\openjpeg-2.0.0\src\lib\openjp2\t1_generate_luts.dir\Debug\link-cvtres.read.1.tlog
C:\Work\Projects\openjpeg-2.0.0\src\lib\openjp2\t1_generate_luts.dir\Debug\link-cvtres.write.1.tlog
C:\Work\Projects\openjpeg-2.0.0\src\lib\openjp2\t1_generate_luts.dir\Debug\mt.command.1.tlog
C:\Work\Projects\openjpeg-2.0.0\src\lib\openjp2\t1_generate_luts.dir\Debug\mt.read.1.tlog
C:\Work\Projects\openjpeg-2.0.0\src\lib\openjp2\t1_generate_luts.dir\Debug\mt.write.1.tlog
C:\Work\Projects\openjpeg-2.0.0\src\lib\openjp2\t1_generate_luts.dir\Debug\rc.command.1.tlog
C:\Work\Projects\openjpeg-2.0.0\src\lib\openjp2\t1_generate_luts.dir\Debug\rc.read.1.tlog
C:\Work\Projects\openjpeg-2.0.0\src\lib\openjp2\t1_generate_luts.dir\Debug\rc.write.1.tlog
C:\WORK\PROJECTS\OPENJPEG-2.0.0\SRC\LIB\OPENJP2\T1_GENERATE_LUTS.DIR\DEBUG\T1_GENERATE_LUTS.EXE.EMBED.MANIFEST
C:\WORK\PROJECTS\OPENJPEG-2.0.0\SRC\LIB\OPENJP2\T1_GENERATE_LUTS.DIR\DEBUG\T1_GENERATE_LUTS.EXE.EMBED.MANIFEST.RES
C:\WORK\PROJECTS\OPENJPEG-2.0.0\SRC\LIB\OPENJP2\T1_GENERATE_LUTS.DIR\DEBUG\T1_GENERATE_LUTS.EXE.INTERMEDIATE.MANIFEST
C:\WORK\PROJECTS\OPENJPEG-2.0.0\SRC\LIB\OPENJP2\T1_GENERATE_LUTS.DIR\DEBUG\T1_GENERATE_LUTS.OBJ
C:\Work\Projects\openjpeg-2.0.0\src\lib\openjp2\t1_generate_luts.dir\Debug\t1_generate_luts.write.1.tlog
C:\Work\Projects\openjpeg-2.0.0\src\lib\openjp2\t1_generate_luts.dir\Debug\t1_generate_luts_manifest.rc
