C:\WORK\PROJECTS\OPENJPEG-2.0.0\BIN\DEBUG\OPENJP2.DLL
C:\Work\Projects\openjpeg-2.0.0\bin\Debug\openjp2.exp
C:\WORK\PROJECTS\OPENJPEG-2.0.0\BIN\DEBUG\OPENJP2.ILK
C:\Work\Projects\openjpeg-2.0.0\bin\Debug\openjp2.lib
C:\WORK\PROJECTS\OPENJPEG-2.0.0\BIN\DEBUG\OPENJP2.PDB
C:\WORK\PROJECTS\OPENJPEG-2.0.0\SRC\LIB\OPENJP2\CMAKEFILES\GENERATE.STAMP
C:\WORK\PROJECTS\OPENJPEG-2.0.0\SRC\LIB\OPENJP2\OPENJP2.DIR\DEBUG\BIO.OBJ
C:\WORK\PROJECTS\OPENJPEG-2.0.0\SRC\LIB\OPENJP2\OPENJP2.DIR\DEBUG\CIO.OBJ
C:\Work\Projects\openjpeg-2.0.0\src\lib\openjp2\openjp2.dir\Debug\cl.command.1.tlog
C:\Work\Projects\openjpeg-2.0.0\src\lib\openjp2\openjp2.dir\Debug\CL.read.1.tlog
C:\Work\Projects\openjpeg-2.0.0\src\lib\openjp2\openjp2.dir\Debug\CL.write.1.tlog
C:\Work\Projects\openjpeg-2.0.0\src\lib\openjp2\openjp2.dir\Debug\custombuild.command.1.tlog
C:\Work\Projects\openjpeg-2.0.0\src\lib\openjp2\openjp2.dir\Debug\custombuild.read.1.tlog
C:\Work\Projects\openjpeg-2.0.0\src\lib\openjp2\openjp2.dir\Debug\custombuild.write.1.tlog
C:\WORK\PROJECTS\OPENJPEG-2.0.0\SRC\LIB\OPENJP2\OPENJP2.DIR\DEBUG\DWT.OBJ
C:\WORK\PROJECTS\OPENJPEG-2.0.0\SRC\LIB\OPENJP2\OPENJP2.DIR\DEBUG\EVENT.OBJ
C:\WORK\PROJECTS\OPENJPEG-2.0.0\SRC\LIB\OPENJP2\OPENJP2.DIR\DEBUG\FUNCTION_LIST.OBJ
C:\WORK\PROJECTS\OPENJPEG-2.0.0\SRC\LIB\OPENJP2\OPENJP2.DIR\DEBUG\IMAGE.OBJ
C:\WORK\PROJECTS\OPENJPEG-2.0.0\SRC\LIB\OPENJP2\OPENJP2.DIR\DEBUG\INVERT.OBJ
C:\WORK\PROJECTS\OPENJPEG-2.0.0\SRC\LIB\OPENJP2\OPENJP2.DIR\DEBUG\J2K.OBJ
C:\WORK\PROJECTS\OPENJPEG-2.0.0\SRC\LIB\OPENJP2\OPENJP2.DIR\DEBUG\JP2.OBJ
C:\Work\Projects\openjpeg-2.0.0\src\lib\openjp2\openjp2.dir\Debug\link.4880.read.1.tlog
C:\Work\Projects\openjpeg-2.0.0\src\lib\openjp2\openjp2.dir\Debug\link.4880.write.1.tlog
C:\Work\Projects\openjpeg-2.0.0\src\lib\openjp2\openjp2.dir\Debug\link.4880-cvtres.read.1.tlog
C:\Work\Projects\openjpeg-2.0.0\src\lib\openjp2\openjp2.dir\Debug\link.4880-cvtres.write.1.tlog
C:\Work\Projects\openjpeg-2.0.0\src\lib\openjp2\openjp2.dir\Debug\link.command.1.tlog
C:\Work\Projects\openjpeg-2.0.0\src\lib\openjp2\openjp2.dir\Debug\link.read.1.tlog
C:\Work\Projects\openjpeg-2.0.0\src\lib\openjp2\openjp2.dir\Debug\link.write.1.tlog
C:\Work\Projects\openjpeg-2.0.0\src\lib\openjp2\openjp2.dir\Debug\link-cvtres.read.1.tlog
C:\Work\Projects\openjpeg-2.0.0\src\lib\openjp2\openjp2.dir\Debug\link-cvtres.write.1.tlog
C:\WORK\PROJECTS\OPENJPEG-2.0.0\SRC\LIB\OPENJP2\OPENJP2.DIR\DEBUG\MCT.OBJ
C:\WORK\PROJECTS\OPENJPEG-2.0.0\SRC\LIB\OPENJP2\OPENJP2.DIR\DEBUG\MQC.OBJ
C:\Work\Projects\openjpeg-2.0.0\src\lib\openjp2\openjp2.dir\Debug\mt.command.1.tlog
C:\Work\Projects\openjpeg-2.0.0\src\lib\openjp2\openjp2.dir\Debug\mt.read.1.tlog
C:\Work\Projects\openjpeg-2.0.0\src\lib\openjp2\openjp2.dir\Debug\mt.write.1.tlog
C:\WORK\PROJECTS\OPENJPEG-2.0.0\SRC\LIB\OPENJP2\OPENJP2.DIR\DEBUG\OPENJP2.DLL.EMBED.MANIFEST
C:\WORK\PROJECTS\OPENJPEG-2.0.0\SRC\LIB\OPENJP2\OPENJP2.DIR\DEBUG\OPENJP2.DLL.EMBED.MANIFEST.RES
C:\WORK\PROJECTS\OPENJPEG-2.0.0\SRC\LIB\OPENJP2\OPENJP2.DIR\DEBUG\OPENJP2.DLL.INTERMEDIATE.MANIFEST
C:\Work\Projects\openjpeg-2.0.0\src\lib\openjp2\openjp2.dir\Debug\openjp2.write.1.tlog
C:\Work\Projects\openjpeg-2.0.0\src\lib\openjp2\openjp2.dir\Debug\openjp2_manifest.rc
C:\WORK\PROJECTS\OPENJPEG-2.0.0\SRC\LIB\OPENJP2\OPENJP2.DIR\DEBUG\OPENJPEG.OBJ
C:\WORK\PROJECTS\OPENJPEG-2.0.0\SRC\LIB\OPENJP2\OPENJP2.DIR\DEBUG\OPJ_CLOCK.OBJ
C:\WORK\PROJECTS\OPENJPEG-2.0.0\SRC\LIB\OPENJP2\OPENJP2.DIR\DEBUG\PI.OBJ
C:\WORK\PROJECTS\OPENJPEG-2.0.0\SRC\LIB\OPENJP2\OPENJP2.DIR\DEBUG\RAW.OBJ
C:\Work\Projects\openjpeg-2.0.0\src\lib\openjp2\openjp2.dir\Debug\rc.command.1.tlog
C:\Work\Projects\openjpeg-2.0.0\src\lib\openjp2\openjp2.dir\Debug\rc.read.1.tlog
C:\Work\Projects\openjpeg-2.0.0\src\lib\openjp2\openjp2.dir\Debug\rc.write.1.tlog
C:\WORK\PROJECTS\OPENJPEG-2.0.0\SRC\LIB\OPENJP2\OPENJP2.DIR\DEBUG\T1.OBJ
C:\WORK\PROJECTS\OPENJPEG-2.0.0\SRC\LIB\OPENJP2\OPENJP2.DIR\DEBUG\T2.OBJ
C:\WORK\PROJECTS\OPENJPEG-2.0.0\SRC\LIB\OPENJP2\OPENJP2.DIR\DEBUG\TCD.OBJ
C:\WORK\PROJECTS\OPENJPEG-2.0.0\SRC\LIB\OPENJP2\OPENJP2.DIR\DEBUG\TGT.OBJ
