Build started 16.08.2013 16:39:51.
     1>Project "C:\Work\Projects\openjpeg-2.0.0\src\lib\openjp2\openjp2.vcxproj" on node 2 (rebuild target(s)).
     1>_PrepareForClean:
         Deleting file "openjp2.dir\Debug\openjp2.lastbuildstate".
     1>C:\Windows\Microsoft.NET\Framework\v4.0.30319\Microsoft.Common.Targets(1200,9): warning : The referenced project 'C:/Work/Projects/openjpeg-2.0.0/ZERO_CHECK.vcxproj' does not exist.
       InitializeBuildStatus:
         Creating "openjp2.dir\Debug\openjp2.unsuccessfulbuild" because "AlwaysCreate" was specified.
       CustomBuild:
         Building Custom Rule C:/Work/Projects/openjpeg-2.0.0/src/lib/openjp2/CMakeLists.txt
         CMake does not need to re-run because C:\Work\Projects\openjpeg-2.0.0\src\lib\openjp2\CMakeFiles\generate.stamp is up-to-date.
       ClCompile:
         c:\Program Files (x86)\Microsoft Visual Studio 10.0\VC\bin\CL.exe /c /I"C:/Work/Projects/openjpeg-2.0.0/src/lib/openjp2" /Zi /nologo /W3 /WX- /Od /Ob0 /Oy- /D WIN32 /D _WINDOWS /D _DEBUG /D _CRT_FAR_MAPPINGS_NO_DEPRECATE /D _CRT_IS_WCTYPE_NO_DEPRECATE /D _CRT_MANAGED_FP_NO_DEPRECATE /D _CRT_NONSTDC_NO_DEPRECATE /D _CRT_SECURE_NO_DEPRECATE /D _CRT_SECURE_NO_DEPRECATE_GLOBALS /D _CRT_SETERRORMODE_BEEP_SLEEP_NO_DEPRECATE /D _CRT_TIME_FUNCTIONS_NO_DEPRECATE /D _CRT_VCCLRIT_NO_DEPRECATE /D _SCL_SECURE_NO_DEPRECATE /D OPJ_EXPORTS /D "CMAKE_INTDIR=\"Debug\"" /D openjp2_EXPORTS /D _WINDLL /D _MBCS /Gm- /RTC1 /MDd /GS /fp:precise /Zc:wchar_t /Zc:forScope /Fo"openjp2.dir\Debug\\" /Fd"C:/Work/Projects/openjpeg-2.0.0/bin/Debug/openjp2.pdb" /Gd /TC /analyze- /errorReport:prompt bio.c cio.c dwt.c event.c image.c invert.c j2k.c jp2.c mct.c mqc.c openjpeg.c opj_clock.c pi.c raw.c t1.c t2.c tcd.c tgt.c function_list.c
         bio.c
         cio.c
         dwt.c
         event.c
         image.c
         invert.c
         j2k.c
         jp2.c
         mct.c
         mqc.c
         openjpeg.c
         opj_clock.c
         pi.c
         raw.c
         t1.c
         t2.c
         tcd.c
         tgt.c
         function_list.c
         Generating Code...
       ManifestResourceCompile:
         C:\Program Files (x86)\Microsoft SDKs\Windows\v7.0A\bin\rc.exe /nologo /fo"openjp2.dir\Debug\openjp2.dll.embed.manifest.res" openjp2.dir\Debug\openjp2_manifest.rc 
       Link:
         c:\Program Files (x86)\Microsoft Visual Studio 10.0\VC\bin\link.exe /ERRORREPORT:PROMPT /OUT:"C:\Work\Projects\openjpeg-2.0.0\bin\Debug\openjp2.dll" /INCREMENTAL /NOLOGO kernel32.lib user32.lib gdi32.lib winspool.lib shell32.lib ole32.lib oleaut32.lib uuid.lib comdlg32.lib advapi32.lib /MANIFEST /ManifestFile:"openjp2.dir\Debug\openjp2.dll.intermediate.manifest" /MANIFESTUAC:"level='asInvoker' uiAccess='false'" /DEBUG /PDB:"C:/Work/Projects/openjpeg-2.0.0/bin/Debug/openjp2.pdb" /SUBSYSTEM:CONSOLE /TLBID:1 /DYNAMICBASE /NXCOMPAT /IMPLIB:"C:/Work/Projects/openjpeg-2.0.0/bin/Debug/openjp2.lib" /MACHINE:X86 /DLL openjp2.dir\Debug\openjp2.dll.embed.manifest.res
         openjp2.dir\Debug\bio.obj
         openjp2.dir\Debug\cio.obj
         openjp2.dir\Debug\dwt.obj
         openjp2.dir\Debug\event.obj
         openjp2.dir\Debug\image.obj
         openjp2.dir\Debug\invert.obj
         openjp2.dir\Debug\j2k.obj
         openjp2.dir\Debug\jp2.obj
         openjp2.dir\Debug\mct.obj
         openjp2.dir\Debug\mqc.obj
         openjp2.dir\Debug\openjpeg.obj
         openjp2.dir\Debug\opj_clock.obj
         openjp2.dir\Debug\pi.obj
         openjp2.dir\Debug\raw.obj
         openjp2.dir\Debug\t1.obj
         openjp2.dir\Debug\t2.obj
         openjp2.dir\Debug\tcd.obj
         openjp2.dir\Debug\tgt.obj
         openjp2.dir\Debug\function_list.obj  /machine:X86 /debug 
            Creating library C:/Work/Projects/openjpeg-2.0.0/bin/Debug/openjp2.lib and object C:/Work/Projects/openjpeg-2.0.0/bin/Debug/openjp2.exp
       Manifest:
         Deleting file "openjp2.dir\Debug\openjp2.dll.embed.manifest".
         C:\Program Files (x86)\Microsoft SDKs\Windows\v7.0A\bin\mt.exe /nologo /verbose /out:"openjp2.dir\Debug\openjp2.dll.embed.manifest" /manifest openjp2.dir\Debug\openjp2.dll.intermediate.manifest
         C:\Program Files (x86)\Microsoft SDKs\Windows\v7.0A\bin\rc.exe /nologo /fo"openjp2.dir\Debug\openjp2.dll.embed.manifest.res" openjp2.dir\Debug\openjp2_manifest.rc 
       LinkEmbedManifest:
         c:\Program Files (x86)\Microsoft Visual Studio 10.0\VC\bin\link.exe /ERRORREPORT:PROMPT /OUT:"C:\Work\Projects\openjpeg-2.0.0\bin\Debug\openjp2.dll" /INCREMENTAL /NOLOGO kernel32.lib user32.lib gdi32.lib winspool.lib shell32.lib ole32.lib oleaut32.lib uuid.lib comdlg32.lib advapi32.lib /MANIFEST /ManifestFile:"openjp2.dir\Debug\openjp2.dll.intermediate.manifest" /MANIFESTUAC:"level='asInvoker' uiAccess='false'" /DEBUG /PDB:"C:/Work/Projects/openjpeg-2.0.0/bin/Debug/openjp2.pdb" /SUBSYSTEM:CONSOLE /TLBID:1 /DYNAMICBASE /NXCOMPAT /IMPLIB:"C:/Work/Projects/openjpeg-2.0.0/bin/Debug/openjp2.lib" /MACHINE:X86 /DLL openjp2.dir\Debug\openjp2.dll.embed.manifest.res
         openjp2.dir\Debug\bio.obj
         openjp2.dir\Debug\cio.obj
         openjp2.dir\Debug\dwt.obj
         openjp2.dir\Debug\event.obj
         openjp2.dir\Debug\image.obj
         openjp2.dir\Debug\invert.obj
         openjp2.dir\Debug\j2k.obj
         openjp2.dir\Debug\jp2.obj
         openjp2.dir\Debug\mct.obj
         openjp2.dir\Debug\mqc.obj
         openjp2.dir\Debug\openjpeg.obj
         openjp2.dir\Debug\opj_clock.obj
         openjp2.dir\Debug\pi.obj
         openjp2.dir\Debug\raw.obj
         openjp2.dir\Debug\t1.obj
         openjp2.dir\Debug\t2.obj
         openjp2.dir\Debug\tcd.obj
         openjp2.dir\Debug\tgt.obj
         openjp2.dir\Debug\function_list.obj  /machine:X86 /debug 
            Creating library C:/Work/Projects/openjpeg-2.0.0/bin/Debug/openjp2.lib and object C:/Work/Projects/openjpeg-2.0.0/bin/Debug/openjp2.exp
         openjp2.vcxproj -> C:\Work\Projects\openjpeg-2.0.0\bin\Debug\openjp2.dll
       FinalizeBuildStatus:
         Deleting file "openjp2.dir\Debug\openjp2.unsuccessfulbuild".
         Touching "openjp2.dir\Debug\openjp2.lastbuildstate".
     1>Done Building Project "C:\Work\Projects\openjpeg-2.0.0\src\lib\openjp2\openjp2.vcxproj" (rebuild target(s)).

Build succeeded.

Time Elapsed 00:00:03.24
