C:\WORK\PROJECTS\OPENJPEG-2.0.0\BIN\RELEASE\OPENJP2.DLL
C:\Work\Projects\openjpeg-2.0.0\bin\Release\openjp2.exp
C:\Work\Projects\openjpeg-2.0.0\bin\Release\openjp2.lib
C:\WORK\PROJECTS\OPENJPEG-2.0.0\SRC\LIB\OPENJP2\CMAKEFILES\GENERATE.STAMP
C:\WORK\PROJECTS\OPENJPEG-2.0.0\SRC\LIB\OPENJP2\OPENJP2.DIR\RELEASE\BIO.OBJ
C:\WORK\PROJECTS\OPENJPEG-2.0.0\SRC\LIB\OPENJP2\OPENJP2.DIR\RELEASE\CIO.OBJ
C:\WORK\PROJECTS\OPENJPEG-2.0.0\SRC\LIB\OPENJP2\OPENJP2.DIR\RELEASE\DWT.OBJ
C:\WORK\PROJECTS\OPENJPEG-2.0.0\SRC\LIB\OPENJP2\OPENJP2.DIR\RELEASE\EVENT.OBJ
C:\WORK\PROJECTS\OPENJPEG-2.0.0\SRC\LIB\OPENJP2\OPENJP2.DIR\RELEASE\FUNCTION_LIST.OBJ
C:\WORK\PROJECTS\OPENJPEG-2.0.0\SRC\LIB\OPENJP2\OPENJP2.DIR\RELEASE\IMAGE.OBJ
C:\WORK\PROJECTS\OPENJPEG-2.0.0\SRC\LIB\OPENJP2\OPENJP2.DIR\RELEASE\INVERT.OBJ
C:\WORK\PROJECTS\OPENJPEG-2.0.0\SRC\LIB\OPENJP2\OPENJP2.DIR\RELEASE\J2K.OBJ
C:\WORK\PROJECTS\OPENJPEG-2.0.0\SRC\LIB\OPENJP2\OPENJP2.DIR\RELEASE\JP2.OBJ
C:\WORK\PROJECTS\OPENJPEG-2.0.0\SRC\LIB\OPENJP2\OPENJP2.DIR\RELEASE\MCT.OBJ
C:\WORK\PROJECTS\OPENJPEG-2.0.0\SRC\LIB\OPENJP2\OPENJP2.DIR\RELEASE\MQC.OBJ
C:\WORK\PROJECTS\OPENJPEG-2.0.0\SRC\LIB\OPENJP2\OPENJP2.DIR\RELEASE\OPENJP2.DLL.INTERMEDIATE.MANIFEST
C:\WORK\PROJECTS\OPENJPEG-2.0.0\SRC\LIB\OPENJP2\OPENJP2.DIR\RELEASE\OPENJPEG.OBJ
C:\WORK\PROJECTS\OPENJPEG-2.0.0\SRC\LIB\OPENJP2\OPENJP2.DIR\RELEASE\OPJ_CLOCK.OBJ
C:\WORK\PROJECTS\OPENJPEG-2.0.0\SRC\LIB\OPENJP2\OPENJP2.DIR\RELEASE\PI.OBJ
C:\WORK\PROJECTS\OPENJPEG-2.0.0\SRC\LIB\OPENJP2\OPENJP2.DIR\RELEASE\RAW.OBJ
C:\WORK\PROJECTS\OPENJPEG-2.0.0\SRC\LIB\OPENJP2\OPENJP2.DIR\RELEASE\T1.OBJ
C:\WORK\PROJECTS\OPENJPEG-2.0.0\SRC\LIB\OPENJP2\OPENJP2.DIR\RELEASE\T2.OBJ
C:\WORK\PROJECTS\OPENJPEG-2.0.0\SRC\LIB\OPENJP2\OPENJP2.DIR\RELEASE\TCD.OBJ
C:\WORK\PROJECTS\OPENJPEG-2.0.0\SRC\LIB\OPENJP2\OPENJP2.DIR\RELEASE\TGT.OBJ
C:\Work\Projects\TilingTools\openjpeg-2.0.0\src\lib\openjp2\openjp2.dir\Release\bio.obj
C:\Work\Projects\TilingTools\openjpeg-2.0.0\src\lib\openjp2\openjp2.dir\Release\cio.obj
C:\Work\Projects\TilingTools\openjpeg-2.0.0\src\lib\openjp2\openjp2.dir\Release\cl.command.1.tlog
C:\Work\Projects\TilingTools\openjpeg-2.0.0\src\lib\openjp2\openjp2.dir\Release\CL.read.1.tlog
C:\Work\Projects\TilingTools\openjpeg-2.0.0\src\lib\openjp2\openjp2.dir\Release\CL.write.1.tlog
C:\Work\Projects\TilingTools\openjpeg-2.0.0\src\lib\openjp2\openjp2.dir\Release\custombuild.command.1.tlog
C:\Work\Projects\TilingTools\openjpeg-2.0.0\src\lib\openjp2\openjp2.dir\Release\custombuild.read.1.tlog
C:\Work\Projects\TilingTools\openjpeg-2.0.0\src\lib\openjp2\openjp2.dir\Release\custombuild.write.1.tlog
C:\Work\Projects\TilingTools\openjpeg-2.0.0\src\lib\openjp2\openjp2.dir\Release\dwt.obj
C:\Work\Projects\TilingTools\openjpeg-2.0.0\src\lib\openjp2\openjp2.dir\Release\event.obj
C:\Work\Projects\TilingTools\openjpeg-2.0.0\src\lib\openjp2\openjp2.dir\Release\function_list.obj
C:\Work\Projects\TilingTools\openjpeg-2.0.0\src\lib\openjp2\openjp2.dir\Release\image.obj
C:\Work\Projects\TilingTools\openjpeg-2.0.0\src\lib\openjp2\openjp2.dir\Release\invert.obj
C:\Work\Projects\TilingTools\openjpeg-2.0.0\src\lib\openjp2\openjp2.dir\Release\j2k.obj
C:\Work\Projects\TilingTools\openjpeg-2.0.0\src\lib\openjp2\openjp2.dir\Release\jp2.obj
C:\Work\Projects\TilingTools\openjpeg-2.0.0\src\lib\openjp2\openjp2.dir\Release\link.command.1.tlog
C:\Work\Projects\TilingTools\openjpeg-2.0.0\src\lib\openjp2\openjp2.dir\Release\link.read.1.tlog
C:\Work\Projects\TilingTools\openjpeg-2.0.0\src\lib\openjp2\openjp2.dir\Release\link.write.1.tlog
C:\Work\Projects\TilingTools\openjpeg-2.0.0\src\lib\openjp2\openjp2.dir\Release\mct.obj
C:\Work\Projects\TilingTools\openjpeg-2.0.0\src\lib\openjp2\openjp2.dir\Release\mqc.obj
C:\Work\Projects\TilingTools\openjpeg-2.0.0\src\lib\openjp2\openjp2.dir\Release\mt.command.1.tlog
C:\Work\Projects\TilingTools\openjpeg-2.0.0\src\lib\openjp2\openjp2.dir\Release\mt.read.1.tlog
C:\Work\Projects\TilingTools\openjpeg-2.0.0\src\lib\openjp2\openjp2.dir\Release\mt.write.1.tlog
C:\Work\Projects\TilingTools\openjpeg-2.0.0\src\lib\openjp2\openjp2.dir\Release\openjp2.dll.intermediate.manifest
C:\Work\Projects\TilingTools\openjpeg-2.0.0\src\lib\openjp2\openjp2.dir\Release\openjp2.write.1.tlog
C:\Work\Projects\TilingTools\openjpeg-2.0.0\src\lib\openjp2\openjp2.dir\Release\openjpeg.obj
C:\Work\Projects\TilingTools\openjpeg-2.0.0\src\lib\openjp2\openjp2.dir\Release\opj_clock.obj
C:\Work\Projects\TilingTools\openjpeg-2.0.0\src\lib\openjp2\openjp2.dir\Release\pi.obj
C:\Work\Projects\TilingTools\openjpeg-2.0.0\src\lib\openjp2\openjp2.dir\Release\raw.obj
C:\Work\Projects\TilingTools\openjpeg-2.0.0\src\lib\openjp2\openjp2.dir\Release\t1.obj
C:\Work\Projects\TilingTools\openjpeg-2.0.0\src\lib\openjp2\openjp2.dir\Release\t2.obj
C:\Work\Projects\TilingTools\openjpeg-2.0.0\src\lib\openjp2\openjp2.dir\Release\tcd.obj
C:\Work\Projects\TilingTools\openjpeg-2.0.0\src\lib\openjp2\openjp2.dir\Release\tgt.obj
